JOB NAME: BlastOnlyVir
JOB ID: 19106
QUEUE: short.q
HOSTNAME: NODE02
SGE O WORKDIR: /data1/scratch/masalm/LUDOVIC/METAGENOMICS
SGE TASK ID: undefined
NSLOTS: 40
Good the 16S_output_database.fa exists.
Create DUSTMASKER_16S.
Create DUSTMASKER_16S done.
Remove low complexity.
Low complexity done.
Create the folder MAKEBLAST_16S
Folder done
Create database.
16S_DATABASE_REFSEQ/16S_output_database.fa.fa


Building a new DB, current time: 03/10/2020 13:49:23
New DB name:   /data1/scratch/masalm/LUDOVIC/METAGENOMICS/16S_DATABASE_REFSEQ/16S
New DB title:  Database with makeblastdb
Sequence type: Nucleotide
Keep Linkouts: T
Keep MBits: T
Maximum file size: 1000000000B
Mask file: 16S_DATABASE_REFSEQ/DUSTMASKER_16S/dustmasker.asnb
Adding sequences from FASTA; added 21442 sequences in 14.2703 seconds.
Database done.
All file are moved in 16S_DATABASE_REFSEQ/MAKEBLAST_16S
