JOB NAME: build_fda_database
JOB ID: 17626
QUEUE: short.q
HOSTNAME: NODE04
SGE O WORKDIR: /data1/scratch/masalm/LUDOVIC/METAGENOMICS
SGE TASK ID: undefined
NSLOTS: 30
 ---- Kraken 2 ---- 
FDA_ARGOS_all_ncbi_genomes-2020-02-04
database
30
FDA_ARGOS_all_ncbi_genomes-2020-02-04 folder already exist.
database folder already exits.
FDA_ARGOS_all_ncbi_genomes-2020-02-04 Files are already decompressed
Unzip all files
database Unzip done !
Done
JOB NAME: build_fda_database
JOB ID: 17627
QUEUE: short.q
HOSTNAME: NODE01
SGE O WORKDIR: /data1/scratch/masalm/LUDOVIC/METAGENOMICS
SGE TASK ID: undefined
NSLOTS: 30
 ---- Kraken 2 ---- 
FDA_ARGOS_all_ncbi_genomes-2020-02-04
database
30
FDA_ARGOS_all_ncbi_genomes-2020-02-04 folder already exist.
database folder already exits.
FDA_ARGOS_all_ncbi_genomes-2020-02-04 Files are already decompressed
database Files are already decompressed
NCBI taxonomy is already exists.
Adding reference to Kraken 2 library
Unable to find dustmasker in path, can't mask low-complexity sequences
Unable to find dustmasker in path, can't mask low-complexity sequences
Unable to find dustmasker in path, can't mask low-complexity sequences
Unable to find dustmasker in path, can't mask low-complexity sequences
Unable to find dustmasker in path, can't mask low-complexity sequences
Unable to find dustmasker in path, can't mask low-complexity sequences
Unable to find dustmasker in path, can't mask low-complexity sequences
Unable to find dustmasker in path, can't mask low-complexity sequences
Unable to find dustmasker in path, can't mask low-complexity sequences
Unable to find dustmasker in path, can't mask low-complexity sequences
Unable to find dustmasker in path, can't mask low-complexity sequences
Unable to find dustmasker in path, can't mask low-complexity sequences
Unable to find dustmasker in path, can't mask low-complexity sequences
Unable to find dustmasker in path, can't mask low-complexity sequences
Unable to find dustmasker in path, can't mask low-complexity sequences
Unable to find dustmasker in path, can't mask low-complexity sequences
Unable to find dustmasker in path, can't mask low-complexity sequences
Unable to find dustmasker in path, can't mask low-complexity sequences
Unable to find dustmasker in path, can't mask low-complexity sequences
Unable to find dustmasker in path, can't mask low-complexity sequences
Unable to find dustmasker in path, can't mask low-complexity sequences
Unable to find dustmasker in path, can't mask low-complexity sequences
Unable to find dustmasker in path, can't mask low-complexity sequences
Unable to find dustmasker in path, can't mask low-complexity sequences
Unable to find dustmasker in path, can't mask low-complexity sequences
Unable to find dustmasker in path, can't mask low-complexity sequences
Unable to find dustmasker in path, can't mask low-complexity sequences
Unable to find dustmasker in path, can't mask low-complexity sequences
Unable to find dustmasker in path, can't mask low-complexity sequences
Unable to find dustmasker in path, can't mask low-complexity sequences
Unable to find dustmasker in path, can't mask low-complexity sequences
Unable to find dustmasker in path, can't mask low-complexity sequences
Unable to find dustmasker in path, can't mask low-complexity sequences
Unable to find dustmasker in path, can't mask low-complexity sequences
Unable to find dustmasker in path, can't mask low-complexity sequences
Unable to find dustmasker in path, can't mask low-complexity sequences
Unable to find dustmasker in path, can't mask low-complexity sequences
Unable to find dustmasker in path, can't mask low-complexity sequences
Unable to find dustmasker in path, can't mask low-complexity sequences
Unable to find dustmasker in path, can't mask low-complexity sequences
Unable to find dustmasker in path, can't mask low-complexity sequences
Unable to find dustmasker in path, can't mask low-complexity sequences
Unable to find dustmasker in path, can't mask low-complexity sequences
Unable to find dustmasker in path, can't mask low-complexity sequences
Unable to find dustmasker in path, can't mask low-complexity sequences
Unable to find dustmasker in path, can't mask low-complexity sequences
Unable to find dustmasker in path, can't mask low-complexity sequences
Unable to find dustmasker in path, can't mask low-complexity sequences
Unable to find dustmasker in path, can't mask low-complexity sequences
Unable to find dustmasker in path, can't mask low-complexity sequences
Unable to find dustmasker in path, can't mask low-complexity sequences
Unable to find dustmasker in path, can't mask low-complexity sequences
Unable to find dustmasker in path, can't mask low-complexity sequences
Unable to find dustmasker in path, can't mask low-complexity sequences
Unable to find dustmasker in path, can't mask low-complexity sequences
Unable to find dustmasker in path, can't mask low-complexity sequences
Unable to find dustmasker in path, can't mask low-complexity sequences
Unable to find dustmasker in path, can't mask low-complexity sequences
Unable to find dustmasker in path, can't mask low-complexity sequences
Unable to find dustmasker in path, can't mask low-complexity sequences
Unable to find dustmasker in path, can't mask low-complexity sequences
Unable to find dustmasker in path, can't mask low-complexity sequences
Unable to find dustmasker in path, can't mask low-complexity sequences
Unable to find dustmasker in path, can't mask low-complexity sequences
Unable to find dustmasker in path, can't mask low-complexity sequences
Unable to find dustmasker in path, can't mask low-complexity sequences
Unable to find dustmasker in path, can't mask low-complexity sequences
Unable to find dustmasker in path, can't mask low-complexity sequences
Unable to find dustmasker in path, can't mask low-complexity sequences
Unable to find dustmasker in path, can't mask low-complexity sequences
Unable to find dustmasker in path, can't mask low-complexity sequences
Unable to find dustmasker in path, can't mask low-complexity sequences
Unable to find dustmasker in path, can't mask low-complexity sequences
Unable to find dustmasker in path, can't mask low-complexity sequences
Unable to find dustmasker in path, can't mask low-complexity sequences
Unable to find dustmasker in path, can't mask low-complexity sequences
Unable to find dustmasker in path, can't mask low-complexity sequences
Unable to find dustmasker in path, can't mask low-complexity sequences
Unable to find dustmasker in path, can't mask low-complexity sequences
Unable to find dustmasker in path, can't mask low-complexity sequences
Unable to find dustmasker in path, can't mask low-complexity sequences
Unable to find dustmasker in path, can't mask low-complexity sequences
Unable to find dustmasker in path, can't mask low-complexity sequences
Unable to find dustmasker in path, can't mask low-complexity sequences
Unable to find dustmasker in path, can't mask low-complexity sequences
Unable to find dustmasker in path, can't mask low-complexity sequences
Unable to find dustmasker in path, can't mask low-complexity sequences
Unable to find dustmasker in path, can't mask low-complexity sequences
Unable to find dustmasker in path, can't mask low-complexity sequences
Unable to find dustmasker in path, can't mask low-complexity sequences
Unable to find dustmasker in path, can't mask low-complexity sequences
Unable to find dustmasker in path, can't mask low-complexity sequences
Unable to find dustmasker in path, can't mask low-complexity sequences
Unable to find dustmasker in path, can't mask low-complexity sequences
Unable to find dustmasker in path, can't mask low-complexity sequences
Unable to find dustmasker in path, can't mask low-complexity sequences
Unable to find dustmasker in path, can't mask low-complexity sequences
Unable to find dustmasker in path, can't mask low-complexity sequences
Unable to find dustmasker in path, can't mask low-complexity sequences
Unable to find dustmasker in path, can't mask low-complexity sequences
Unable to find dustmasker in path, can't mask low-complexity sequences
Unable to find dustmasker in path, can't mask low-complexity sequences
Unable to find dustmasker in path, can't mask low-complexity sequences
Unable to find dustmasker in path, can't mask low-complexity sequences
Unable to find dustmasker in path, can't mask low-complexity sequences
Unable to find dustmasker in path, can't mask low-complexity sequences
Unable to find dustmasker in path, can't mask low-complexity sequences
Unable to find dustmasker in path, can't mask low-complexity sequences
Unable to find dustmasker in path, can't mask low-complexity sequences
Unable to find dustmasker in path, can't mask low-complexity sequences
Unable to find dustmasker in path, can't mask low-complexity sequences
Unable to find dustmasker in path, can't mask low-complexity sequences
Unable to find dustmasker in path, can't mask low-complexity sequences
Unable to find dustmasker in path, can't mask low-complexity sequences
Unable to find dustmasker in path, can't mask low-complexity sequences
Unable to find dustmasker in path, can't mask low-complexity sequences
Unable to find dustmasker in path, can't mask low-complexity sequences
Unable to find dustmasker in path, can't mask low-complexity sequences
Unable to find dustmasker in path, can't mask low-complexity sequences
Unable to find dustmasker in path, can't mask low-complexity sequences
Unable to find dustmasker in path, can't mask low-complexity sequences
Unable to find dustmasker in path, can't mask low-complexity sequences
Unable to find dustmasker in path, can't mask low-complexity sequences
Unable to find dustmasker in path, can't mask low-complexity sequences
Unable to find dustmasker in path, can't mask low-complexity sequences
Unable to find dustmasker in path, can't mask low-complexity sequences
Unable to find dustmasker in path, can't mask low-complexity sequences
Unable to find dustmasker in path, can't mask low-complexity sequences
Unable to find dustmasker in path, can't mask low-complexity sequences
Unable to find dustmasker in path, can't mask low-complexity sequences
Unable to find dustmasker in path, can't mask low-complexity sequences
Unable to find dustmasker in path, can't mask low-complexity sequences
Unable to find dustmasker in path, can't mask low-complexity sequences
Unable to find dustmasker in path, can't mask low-complexity sequences
Unable to find dustmasker in path, can't mask low-complexity sequences
Unable to find dustmasker in path, can't mask low-complexity sequences
Unable to find dustmasker in path, can't mask low-complexity sequences
Unable to find dustmasker in path, can't mask low-complexity sequences
Unable to find dustmasker in path, can't mask low-complexity sequences
Unable to find dustmasker in path, can't mask low-complexity sequences
Unable to find dustmasker in path, can't mask low-complexity sequences
Unable to find dustmasker in path, can't mask low-complexity sequences
Unable to find dustmasker in path, can't mask low-complexity sequences
Unable to find dustmasker in path, can't mask low-complexity sequences
Unable to find dustmasker in path, can't mask low-complexity sequences
Unable to find dustmasker in path, can't mask low-complexity sequences
Unable to find dustmasker in path, can't mask low-complexity sequences
Unable to find dustmasker in path, can't mask low-complexity sequences
Unable to find dustmasker in path, can't mask low-complexity sequences
Unable to find dustmasker in path, can't mask low-complexity sequences
Unable to find dustmasker in path, can't mask low-complexity sequences
Unable to find dustmasker in path, can't mask low-complexity sequences
Unable to find dustmasker in path, can't mask low-complexity sequences
Unable to find dustmasker in path, can't mask low-complexity sequences
Unable to find dustmasker in path, can't mask low-complexity sequences
Unable to find dustmasker in path, can't mask low-complexity sequences
Unable to find dustmasker in path, can't mask low-complexity sequences
Unable to find dustmasker in path, can't mask low-complexity sequences
Unable to find dustmasker in path, can't mask low-complexity sequences
Unable to find dustmasker in path, can't mask low-complexity sequences
Unable to find dustmasker in path, can't mask low-complexity sequences
Unable to find dustmasker in path, can't mask low-complexity sequences
Unable to find dustmasker in path, can't mask low-complexity sequences
Unable to find dustmasker in path, can't mask low-complexity sequences
Unable to find dustmasker in path, can't mask low-complexity sequences
Unable to find dustmasker in path, can't mask low-complexity sequences
Unable to find dustmasker in path, can't mask low-complexity sequences
Unable to find dustmasker in path, can't mask low-complexity sequences
Unable to find dustmasker in path, can't mask low-complexity sequences
Unable to find dustmasker in path, can't mask low-complexity sequences
Unable to find dustmasker in path, can't mask low-complexity sequences
Unable to find dustmasker in path, can't mask low-complexity sequences
Unable to find dustmasker in path, can't mask low-complexity sequences
Unable to find dustmasker in path, can't mask low-complexity sequences
Unable to find dustmasker in path, can't mask low-complexity sequences
Unable to find dustmasker in path, can't mask low-complexity sequences
Unable to find dustmasker in path, can't mask low-complexity sequences
Unable to find dustmasker in path, can't mask low-complexity sequences
Unable to find dustmasker in path, can't mask low-complexity sequences
Unable to find dustmasker in path, can't mask low-complexity sequences
Unable to find dustmasker in path, can't mask low-complexity sequences
Unable to find dustmasker in path, can't mask low-complexity sequences
Unable to find dustmasker in path, can't mask low-complexity sequences
Unable to find dustmasker in path, can't mask low-complexity sequences
Unable to find dustmasker in path, can't mask low-complexity sequences
Unable to find dustmasker in path, can't mask low-complexity sequences
Unable to find dustmasker in path, can't mask low-complexity sequences
Unable to find dustmasker in path, can't mask low-complexity sequences
Unable to find dustmasker in path, can't mask low-complexity sequences
Unable to find dustmasker in path, can't mask low-complexity sequences
Unable to find dustmasker in path, can't mask low-complexity sequences
Unable to find dustmasker in path, can't mask low-complexity sequences
Unable to find dustmasker in path, can't mask low-complexity sequences
Unable to find dustmasker in path, can't mask low-complexity sequences
Unable to find dustmasker in path, can't mask low-complexity sequences
Unable to find dustmasker in path, can't mask low-complexity sequences
Unable to find dustmasker in path, can't mask low-complexity sequences
Unable to find dustmasker in path, can't mask low-complexity sequences
Unable to find dustmasker in path, can't mask low-complexity sequences
Unable to find dustmasker in path, can't mask low-complexity sequences
Unable to find dustmasker in path, can't mask low-complexity sequences
Unable to find dustmasker in path, can't mask low-complexity sequences
Unable to find dustmasker in path, can't mask low-complexity sequences
Unable to find dustmasker in path, can't mask low-complexity sequences
Unable to find dustmasker in path, can't mask low-complexity sequences
Unable to find dustmasker in path, can't mask low-complexity sequences
Unable to find dustmasker in path, can't mask low-complexity sequences
Unable to find dustmasker in path, can't mask low-complexity sequences
Unable to find dustmasker in path, can't mask low-complexity sequences
Unable to find dustmasker in path, can't mask low-complexity sequences
Unable to find dustmasker in path, can't mask low-complexity sequences
Unable to find dustmasker in path, can't mask low-complexity sequences
Unable to find dustmasker in path, can't mask low-complexity sequences
Unable to find dustmasker in path, can't mask low-complexity sequences
Unable to find dustmasker in path, can't mask low-complexity sequences
Unable to find dustmasker in path, can't mask low-complexity sequences
Unable to find dustmasker in path, can't mask low-complexity sequences
Unable to find dustmasker in path, can't mask low-complexity sequences
Unable to find dustmasker in path, can't mask low-complexity sequences
Unable to find dustmasker in path, can't mask low-complexity sequences
Unable to find dustmasker in path, can't mask low-complexity sequences
Unable to find dustmasker in path, can't mask low-complexity sequences
Unable to find dustmasker in path, can't mask low-complexity sequences
Unable to find dustmasker in path, can't mask low-complexity sequences
Unable to find dustmasker in path, can't mask low-complexity sequences
Unable to find dustmasker in path, can't mask low-complexity sequences
Unable to find dustmasker in path, can't mask low-complexity sequences
Unable to find dustmasker in path, can't mask low-complexity sequences
Unable to find dustmasker in path, can't mask low-complexity sequences
Unable to find dustmasker in path, can't mask low-complexity sequences
Unable to find dustmasker in path, can't mask low-complexity sequences
Unable to find dustmasker in path, can't mask low-complexity sequences
Unable to find dustmasker in path, can't mask low-complexity sequences
Unable to find dustmasker in path, can't mask low-complexity sequences
Unable to find dustmasker in path, can't mask low-complexity sequences
Unable to find dustmasker in path, can't mask low-complexity sequences
Unable to find dustmasker in path, can't mask low-complexity sequences
Unable to find dustmasker in path, can't mask low-complexity sequences
Unable to find dustmasker in path, can't mask low-complexity sequences
Unable to find dustmasker in path, can't mask low-complexity sequences
Unable to find dustmasker in path, can't mask low-complexity sequences
Unable to find dustmasker in path, can't mask low-complexity sequences
Unable to find dustmasker in path, can't mask low-complexity sequences
Unable to find dustmasker in path, can't mask low-complexity sequences
Unable to find dustmasker in path, can't mask low-complexity sequences
Unable to find dustmasker in path, can't mask low-complexity sequences
Unable to find dustmasker in path, can't mask low-complexity sequences
Unable to find dustmasker in path, can't mask low-complexity sequences
Unable to find dustmasker in path, can't mask low-complexity sequences
Unable to find dustmasker in path, can't mask low-complexity sequences
Unable to find dustmasker in path, can't mask low-complexity sequences
Unable to find dustmasker in path, can't mask low-complexity sequences
Unable to find dustmasker in path, can't mask low-complexity sequences
Unable to find dustmasker in path, can't mask low-complexity sequences
Unable to find dustmasker in path, can't mask low-complexity sequences
Unable to find dustmasker in path, can't mask low-complexity sequences
Unable to find dustmasker in path, can't mask low-complexity sequences
Unable to find dustmasker in path, can't mask low-complexity sequences
Unable to find dustmasker in path, can't mask low-complexity sequences
Unable to find dustmasker in path, can't mask low-complexity sequences
Unable to find dustmasker in path, can't mask low-complexity sequences
Unable to find dustmasker in path, can't mask low-complexity sequences
Unable to find dustmasker in path, can't mask low-complexity sequences
Unable to find dustmasker in path, can't mask low-complexity sequences
Unable to find dustmasker in path, can't mask low-complexity sequences
Unable to find dustmasker in path, can't mask low-complexity sequences
Unable to find dustmasker in path, can't mask low-complexity sequences
Unable to find dustmasker in path, can't mask low-complexity sequences
Unable to find dustmasker in path, can't mask low-complexity sequences
Unable to find dustmasker in path, can't mask low-complexity sequences
Unable to find dustmasker in path, can't mask low-complexity sequences
Unable to find dustmasker in path, can't mask low-complexity sequences
Unable to find dustmasker in path, can't mask low-complexity sequences
Unable to find dustmasker in path, can't mask low-complexity sequences
Unable to find dustmasker in path, can't mask low-complexity sequences
Unable to find dustmasker in path, can't mask low-complexity sequences
Unable to find dustmasker in path, can't mask low-complexity sequences
Unable to find dustmasker in path, can't mask low-complexity sequences
Unable to find dustmasker in path, can't mask low-complexity sequences
Unable to find dustmasker in path, can't mask low-complexity sequences
Unable to find dustmasker in path, can't mask low-complexity sequences
Unable to find dustmasker in path, can't mask low-complexity sequences
Unable to find dustmasker in path, can't mask low-complexity sequences
Unable to find dustmasker in path, can't mask low-complexity sequences
Unable to find dustmasker in path, can't mask low-complexity sequences
Unable to find dustmasker in path, can't mask low-complexity sequences
Unable to find dustmasker in path, can't mask low-complexity sequences
Unable to find dustmasker in path, can't mask low-complexity sequences
Unable to find dustmasker in path, can't mask low-complexity sequences
Unable to find dustmasker in path, can't mask low-complexity sequences
Unable to find dustmasker in path, can't mask low-complexity sequences
Unable to find dustmasker in path, can't mask low-complexity sequences
Unable to find dustmasker in path, can't mask low-complexity sequences
Unable to find dustmasker in path, can't mask low-complexity sequences
Unable to find dustmasker in path, can't mask low-complexity sequences
Unable to find dustmasker in path, can't mask low-complexity sequences
Unable to find dustmasker in path, can't mask low-complexity sequences
Unable to find dustmasker in path, can't mask low-complexity sequences
Unable to find dustmasker in path, can't mask low-complexity sequences
Unable to find dustmasker in path, can't mask low-complexity sequences
Unable to find dustmasker in path, can't mask low-complexity sequences
Unable to find dustmasker in path, can't mask low-complexity sequences
Unable to find dustmasker in path, can't mask low-complexity sequences
Unable to find dustmasker in path, can't mask low-complexity sequences
Unable to find dustmasker in path, can't mask low-complexity sequences
Unable to find dustmasker in path, can't mask low-complexity sequences
Unable to find dustmasker in path, can't mask low-complexity sequences
Unable to find dustmasker in path, can't mask low-complexity sequences
Unable to find dustmasker in path, can't mask low-complexity sequences
Unable to find dustmasker in path, can't mask low-complexity sequences
Unable to find dustmasker in path, can't mask low-complexity sequences
Unable to find dustmasker in path, can't mask low-complexity sequences
Unable to find dustmasker in path, can't mask low-complexity sequences
Unable to find dustmasker in path, can't mask low-complexity sequences
Unable to find dustmasker in path, can't mask low-complexity sequences
Unable to find dustmasker in path, can't mask low-complexity sequences
Unable to find dustmasker in path, can't mask low-complexity sequences
Unable to find dustmasker in path, can't mask low-complexity sequences
Unable to find dustmasker in path, can't mask low-complexity sequences
Unable to find dustmasker in path, can't mask low-complexity sequences
Unable to find dustmasker in path, can't mask low-complexity sequences
Unable to find dustmasker in path, can't mask low-complexity sequences
Unable to find dustmasker in path, can't mask low-complexity sequences
Unable to find dustmasker in path, can't mask low-complexity sequences
Unable to find dustmasker in path, can't mask low-complexity sequences
Unable to find dustmasker in path, can't mask low-complexity sequences
Unable to find dustmasker in path, can't mask low-complexity sequences
Unable to find dustmasker in path, can't mask low-complexity sequences
Unable to find dustmasker in path, can't mask low-complexity sequences
Unable to find dustmasker in path, can't mask low-complexity sequences
Unable to find dustmasker in path, can't mask low-complexity sequences
Unable to find dustmasker in path, can't mask low-complexity sequences
Unable to find dustmasker in path, can't mask low-complexity sequences
Unable to find dustmasker in path, can't mask low-complexity sequences
Unable to find dustmasker in path, can't mask low-complexity sequences
Unable to find dustmasker in path, can't mask low-complexity sequences
Unable to find dustmasker in path, can't mask low-complexity sequences
Unable to find dustmasker in path, can't mask low-complexity sequences
Unable to find dustmasker in path, can't mask low-complexity sequences
Unable to find dustmasker in path, can't mask low-complexity sequences
Unable to find dustmasker in path, can't mask low-complexity sequences
Unable to find dustmasker in path, can't mask low-complexity sequences
Unable to find dustmasker in path, can't mask low-complexity sequences
Unable to find dustmasker in path, can't mask low-complexity sequences
Unable to find dustmasker in path, can't mask low-complexity sequences
Unable to find dustmasker in path, can't mask low-complexity sequences
Unable to find dustmasker in path, can't mask low-complexity sequences
Unable to find dustmasker in path, can't mask low-complexity sequences
Unable to find dustmasker in path, can't mask low-complexity sequences
Unable to find dustmasker in path, can't mask low-complexity sequences
Unable to find dustmasker in path, can't mask low-complexity sequences
Unable to find dustmasker in path, can't mask low-complexity sequences
Unable to find dustmasker in path, can't mask low-complexity sequences
Unable to find dustmasker in path, can't mask low-complexity sequences
Unable to find dustmasker in path, can't mask low-complexity sequences
Unable to find dustmasker in path, can't mask low-complexity sequences
Unable to find dustmasker in path, can't mask low-complexity sequences
Unable to find dustmasker in path, can't mask low-complexity sequences
Unable to find dustmasker in path, can't mask low-complexity sequences
Unable to find dustmasker in path, can't mask low-complexity sequences
Unable to find dustmasker in path, can't mask low-complexity sequences
Unable to find dustmasker in path, can't mask low-complexity sequences
Unable to find dustmasker in path, can't mask low-complexity sequences
Unable to find dustmasker in path, can't mask low-complexity sequences
Unable to find dustmasker in path, can't mask low-complexity sequences
Unable to find dustmasker in path, can't mask low-complexity sequences
Unable to find dustmasker in path, can't mask low-complexity sequences
Unable to find dustmasker in path, can't mask low-complexity sequences
Unable to find dustmasker in path, can't mask low-complexity sequences
Unable to find dustmasker in path, can't mask low-complexity sequences
Unable to find dustmasker in path, can't mask low-complexity sequences
Unable to find dustmasker in path, can't mask low-complexity sequences
Unable to find dustmasker in path, can't mask low-complexity sequences
Unable to find dustmasker in path, can't mask low-complexity sequences
Unable to find dustmasker in path, can't mask low-complexity sequences
Unable to find dustmasker in path, can't mask low-complexity sequences
Unable to find dustmasker in path, can't mask low-complexity sequences
Unable to find dustmasker in path, can't mask low-complexity sequences
Unable to find dustmasker in path, can't mask low-complexity sequences
Unable to find dustmasker in path, can't mask low-complexity sequences
Unable to find dustmasker in path, can't mask low-complexity sequences
Unable to find dustmasker in path, can't mask low-complexity sequences
Unable to find dustmasker in path, can't mask low-complexity sequences
Unable to find dustmasker in path, can't mask low-complexity sequences
Unable to find dustmasker in path, can't mask low-complexity sequences
Unable to find dustmasker in path, can't mask low-complexity sequences
Unable to find dustmasker in path, can't mask low-complexity sequences
Unable to find dustmasker in path, can't mask low-complexity sequences
Unable to find dustmasker in path, can't mask low-complexity sequences
Unable to find dustmasker in path, can't mask low-complexity sequences
Unable to find dustmasker in path, can't mask low-complexity sequences
Unable to find dustmasker in path, can't mask low-complexity sequences
Unable to find dustmasker in path, can't mask low-complexity sequences
Unable to find dustmasker in path, can't mask low-complexity sequences
Unable to find dustmasker in path, can't mask low-complexity sequences
Unable to find dustmasker in path, can't mask low-complexity sequences
Unable to find dustmasker in path, can't mask low-complexity sequences
Unable to find dustmasker in path, can't mask low-complexity sequences
Unable to find dustmasker in path, can't mask low-complexity sequences
Unable to find dustmasker in path, can't mask low-complexity sequences
Unable to find dustmasker in path, can't mask low-complexity sequences
Unable to find dustmasker in path, can't mask low-complexity sequences
Unable to find dustmasker in path, can't mask low-complexity sequences
Unable to find dustmasker in path, can't mask low-complexity sequences
Unable to find dustmasker in path, can't mask low-complexity sequences
Unable to find dustmasker in path, can't mask low-complexity sequences
Unable to find dustmasker in path, can't mask low-complexity sequences
Unable to find dustmasker in path, can't mask low-complexity sequences
Unable to find dustmasker in path, can't mask low-complexity sequences
Unable to find dustmasker in path, can't mask low-complexity sequences
Unable to find dustmasker in path, can't mask low-complexity sequences
Unable to find dustmasker in path, can't mask low-complexity sequences
Unable to find dustmasker in path, can't mask low-complexity sequences
Unable to find dustmasker in path, can't mask low-complexity sequences
Unable to find dustmasker in path, can't mask low-complexity sequences
Unable to find dustmasker in path, can't mask low-complexity sequences
Unable to find dustmasker in path, can't mask low-complexity sequences
Unable to find dustmasker in path, can't mask low-complexity sequences
Unable to find dustmasker in path, can't mask low-complexity sequences
Unable to find dustmasker in path, can't mask low-complexity sequences
Unable to find dustmasker in path, can't mask low-complexity sequences
Unable to find dustmasker in path, can't mask low-complexity sequences
Unable to find dustmasker in path, can't mask low-complexity sequences
Unable to find dustmasker in path, can't mask low-complexity sequences
Unable to find dustmasker in path, can't mask low-complexity sequences
Unable to find dustmasker in path, can't mask low-complexity sequences
Unable to find dustmasker in path, can't mask low-complexity sequences
Unable to find dustmasker in path, can't mask low-complexity sequences
Unable to find dustmasker in path, can't mask low-complexity sequences
Unable to find dustmasker in path, can't mask low-complexity sequences
Unable to find dustmasker in path, can't mask low-complexity sequences
Unable to find dustmasker in path, can't mask low-complexity sequences
Unable to find dustmasker in path, can't mask low-complexity sequences
Unable to find dustmasker in path, can't mask low-complexity sequences
Unable to find dustmasker in path, can't mask low-complexity sequences
Unable to find dustmasker in path, can't mask low-complexity sequences
Unable to find dustmasker in path, can't mask low-complexity sequences
Unable to find dustmasker in path, can't mask low-complexity sequences
Unable to find dustmasker in path, can't mask low-complexity sequences
Unable to find dustmasker in path, can't mask low-complexity sequences
Unable to find dustmasker in path, can't mask low-complexity sequences
Unable to find dustmasker in path, can't mask low-complexity sequences
Unable to find dustmasker in path, can't mask low-complexity sequences
Unable to find dustmasker in path, can't mask low-complexity sequences
Unable to find dustmasker in path, can't mask low-complexity sequences
Unable to find dustmasker in path, can't mask low-complexity sequences
Unable to find dustmasker in path, can't mask low-complexity sequences
Unable to find dustmasker in path, can't mask low-complexity sequences
Unable to find dustmasker in path, can't mask low-complexity sequences
Unable to find dustmasker in path, can't mask low-complexity sequences
Unable to find dustmasker in path, can't mask low-complexity sequences
Unable to find dustmasker in path, can't mask low-complexity sequences
Unable to find dustmasker in path, can't mask low-complexity sequences
Unable to find dustmasker in path, can't mask low-complexity sequences
Unable to find dustmasker in path, can't mask low-complexity sequences
Unable to find dustmasker in path, can't mask low-complexity sequences
Unable to find dustmasker in path, can't mask low-complexity sequences
Unable to find dustmasker in path, can't mask low-complexity sequences
Unable to find dustmasker in path, can't mask low-complexity sequences
Unable to find dustmasker in path, can't mask low-complexity sequences
Unable to find dustmasker in path, can't mask low-complexity sequences
Unable to find dustmasker in path, can't mask low-complexity sequences
Unable to find dustmasker in path, can't mask low-complexity sequences
Unable to find dustmasker in path, can't mask low-complexity sequences
Unable to find dustmasker in path, can't mask low-complexity sequences
Unable to find dustmasker in path, can't mask low-complexity sequences
Unable to find dustmasker in path, can't mask low-complexity sequences
Unable to find dustmasker in path, can't mask low-complexity sequences
Unable to find dustmasker in path, can't mask low-complexity sequences
Unable to find dustmasker in path, can't mask low-complexity sequences
Unable to find dustmasker in path, can't mask low-complexity sequences
Unable to find dustmasker in path, can't mask low-complexity sequences
Unable to find dustmasker in path, can't mask low-complexity sequences
Unable to find dustmasker in path, can't mask low-complexity sequences
Unable to find dustmasker in path, can't mask low-complexity sequences
Unable to find dustmasker in path, can't mask low-complexity sequences
Unable to find dustmasker in path, can't mask low-complexity sequences
Unable to find dustmasker in path, can't mask low-complexity sequences
Unable to find dustmasker in path, can't mask low-complexity sequences
Unable to find dustmasker in path, can't mask low-complexity sequences
Unable to find dustmasker in path, can't mask low-complexity sequences
Unable to find dustmasker in path, can't mask low-complexity sequences
Unable to find dustmasker in path, can't mask low-complexity sequences
Unable to find dustmasker in path, can't mask low-complexity sequences
Unable to find dustmasker in path, can't mask low-complexity sequences
Unable to find dustmasker in path, can't mask low-complexity sequences
Unable to find dustmasker in path, can't mask low-complexity sequences
Unable to find dustmasker in path, can't mask low-complexity sequences
Unable to find dustmasker in path, can't mask low-complexity sequences
Unable to find dustmasker in path, can't mask low-complexity sequences
Unable to find dustmasker in path, can't mask low-complexity sequences
Unable to find dustmasker in path, can't mask low-complexity sequences
Unable to find dustmasker in path, can't mask low-complexity sequences
Unable to find dustmasker in path, can't mask low-complexity sequences
Unable to find dustmasker in path, can't mask low-complexity sequences
Unable to find dustmasker in path, can't mask low-complexity sequences
Unable to find dustmasker in path, can't mask low-complexity sequences
Unable to find dustmasker in path, can't mask low-complexity sequences
Unable to find dustmasker in path, can't mask low-complexity sequences
Unable to find dustmasker in path, can't mask low-complexity sequences
Unable to find dustmasker in path, can't mask low-complexity sequences
Unable to find dustmasker in path, can't mask low-complexity sequences
Unable to find dustmasker in path, can't mask low-complexity sequences
Unable to find dustmasker in path, can't mask low-complexity sequences
Unable to find dustmasker in path, can't mask low-complexity sequences
Unable to find dustmasker in path, can't mask low-complexity sequences
Unable to find dustmasker in path, can't mask low-complexity sequences
Unable to find dustmasker in path, can't mask low-complexity sequences
Unable to find dustmasker in path, can't mask low-complexity sequences
Unable to find dustmasker in path, can't mask low-complexity sequences
Unable to find dustmasker in path, can't mask low-complexity sequences
Unable to find dustmasker in path, can't mask low-complexity sequences
Unable to find dustmasker in path, can't mask low-complexity sequences
Unable to find dustmasker in path, can't mask low-complexity sequences
Unable to find dustmasker in path, can't mask low-complexity sequences
Unable to find dustmasker in path, can't mask low-complexity sequences
Unable to find dustmasker in path, can't mask low-complexity sequences
Unable to find dustmasker in path, can't mask low-complexity sequences
Unable to find dustmasker in path, can't mask low-complexity sequences
Unable to find dustmasker in path, can't mask low-complexity sequences
Unable to find dustmasker in path, can't mask low-complexity sequences
Unable to find dustmasker in path, can't mask low-complexity sequences
Unable to find dustmasker in path, can't mask low-complexity sequences
Unable to find dustmasker in path, can't mask low-complexity sequences
Unable to find dustmasker in path, can't mask low-complexity sequences
Unable to find dustmasker in path, can't mask low-complexity sequences
Unable to find dustmasker in path, can't mask low-complexity sequences
Unable to find dustmasker in path, can't mask low-complexity sequences
Unable to find dustmasker in path, can't mask low-complexity sequences
Unable to find dustmasker in path, can't mask low-complexity sequences
Unable to find dustmasker in path, can't mask low-complexity sequences
Unable to find dustmasker in path, can't mask low-complexity sequences
Unable to find dustmasker in path, can't mask low-complexity sequences
Unable to find dustmasker in path, can't mask low-complexity sequences
Unable to find dustmasker in path, can't mask low-complexity sequences
Unable to find dustmasker in path, can't mask low-complexity sequences
Unable to find dustmasker in path, can't mask low-complexity sequences
Unable to find dustmasker in path, can't mask low-complexity sequences
Unable to find dustmasker in path, can't mask low-complexity sequences
Unable to find dustmasker in path, can't mask low-complexity sequences
Unable to find dustmasker in path, can't mask low-complexity sequences
Unable to find dustmasker in path, can't mask low-complexity sequences
Unable to find dustmasker in path, can't mask low-complexity sequences
Unable to find dustmasker in path, can't mask low-complexity sequences
Unable to find dustmasker in path, can't mask low-complexity sequences
Unable to find dustmasker in path, can't mask low-complexity sequences
Unable to find dustmasker in path, can't mask low-complexity sequences
Unable to find dustmasker in path, can't mask low-complexity sequences
Unable to find dustmasker in path, can't mask low-complexity sequences
Unable to find dustmasker in path, can't mask low-complexity sequences
Unable to find dustmasker in path, can't mask low-complexity sequences
Unable to find dustmasker in path, can't mask low-complexity sequences
Unable to find dustmasker in path, can't mask low-complexity sequences
Unable to find dustmasker in path, can't mask low-complexity sequences
Unable to find dustmasker in path, can't mask low-complexity sequences
Unable to find dustmasker in path, can't mask low-complexity sequences
Unable to find dustmasker in path, can't mask low-complexity sequences
Unable to find dustmasker in path, can't mask low-complexity sequences
Unable to find dustmasker in path, can't mask low-complexity sequences
Unable to find dustmasker in path, can't mask low-complexity sequences
Unable to find dustmasker in path, can't mask low-complexity sequences
Unable to find dustmasker in path, can't mask low-complexity sequences
Unable to find dustmasker in path, can't mask low-complexity sequences
Unable to find dustmasker in path, can't mask low-complexity sequences
Unable to find dustmasker in path, can't mask low-complexity sequences
Unable to find dustmasker in path, can't mask low-complexity sequences
Unable to find dustmasker in path, can't mask low-complexity sequences
Unable to find dustmasker in path, can't mask low-complexity sequences
Unable to find dustmasker in path, can't mask low-complexity sequences
Unable to find dustmasker in path, can't mask low-complexity sequences
Unable to find dustmasker in path, can't mask low-complexity sequences
Unable to find dustmasker in path, can't mask low-complexity sequences
Unable to find dustmasker in path, can't mask low-complexity sequences
Unable to find dustmasker in path, can't mask low-complexity sequences
Unable to find dustmasker in path, can't mask low-complexity sequences
Unable to find dustmasker in path, can't mask low-complexity sequences
Unable to find dustmasker in path, can't mask low-complexity sequences
Unable to find dustmasker in path, can't mask low-complexity sequences
Unable to find dustmasker in path, can't mask low-complexity sequences
Unable to find dustmasker in path, can't mask low-complexity sequences
Unable to find dustmasker in path, can't mask low-complexity sequences
Unable to find dustmasker in path, can't mask low-complexity sequences
Unable to find dustmasker in path, can't mask low-complexity sequences
Unable to find dustmasker in path, can't mask low-complexity sequences
Unable to find dustmasker in path, can't mask low-complexity sequences
Unable to find dustmasker in path, can't mask low-complexity sequences
Unable to find dustmasker in path, can't mask low-complexity sequences
Unable to find dustmasker in path, can't mask low-complexity sequences
Unable to find dustmasker in path, can't mask low-complexity sequences
Unable to find dustmasker in path, can't mask low-complexity sequences
Unable to find dustmasker in path, can't mask low-complexity sequences
Unable to find dustmasker in path, can't mask low-complexity sequences
Unable to find dustmasker in path, can't mask low-complexity sequences
Unable to find dustmasker in path, can't mask low-complexity sequences
Unable to find dustmasker in path, can't mask low-complexity sequences
Unable to find dustmasker in path, can't mask low-complexity sequences
Unable to find dustmasker in path, can't mask low-complexity sequences
Unable to find dustmasker in path, can't mask low-complexity sequences
Unable to find dustmasker in path, can't mask low-complexity sequences
Unable to find dustmasker in path, can't mask low-complexity sequences
Unable to find dustmasker in path, can't mask low-complexity sequences
Unable to find dustmasker in path, can't mask low-complexity sequences
Unable to find dustmasker in path, can't mask low-complexity sequences
Unable to find dustmasker in path, can't mask low-complexity sequences
Unable to find dustmasker in path, can't mask low-complexity sequences
Unable to find dustmasker in path, can't mask low-complexity sequences
Unable to find dustmasker in path, can't mask low-complexity sequences
Unable to find dustmasker in path, can't mask low-complexity sequences
Unable to find dustmasker in path, can't mask low-complexity sequences
Unable to find dustmasker in path, can't mask low-complexity sequences
Unable to find dustmasker in path, can't mask low-complexity sequences
Unable to find dustmasker in path, can't mask low-complexity sequences
Unable to find dustmasker in path, can't mask low-complexity sequences
Unable to find dustmasker in path, can't mask low-complexity sequences
Unable to find dustmasker in path, can't mask low-complexity sequences
Unable to find dustmasker in path, can't mask low-complexity sequences
Unable to find dustmasker in path, can't mask low-complexity sequences
Unable to find dustmasker in path, can't mask low-complexity sequences
Unable to find dustmasker in path, can't mask low-complexity sequences
Unable to find dustmasker in path, can't mask low-complexity sequences
Unable to find dustmasker in path, can't mask low-complexity sequences
Unable to find dustmasker in path, can't mask low-complexity sequences
Unable to find dustmasker in path, can't mask low-complexity sequences
Unable to find dustmasker in path, can't mask low-complexity sequences
Unable to find dustmasker in path, can't mask low-complexity sequences
Unable to find dustmasker in path, can't mask low-complexity sequences
Unable to find dustmasker in path, can't mask low-complexity sequences
Unable to find dustmasker in path, can't mask low-complexity sequences
Unable to find dustmasker in path, can't mask low-complexity sequences
Unable to find dustmasker in path, can't mask low-complexity sequences
Running build program to build database with Kraken 2
Creating sequence ID to taxonomy ID map (step 1)...
Sequence ID to taxonomy ID map complete. [4m55.032s]
Estimating required capacity (step 2)...
Estimated hash table requirement: 1914357760 bytes
Capacity estimation complete. [52.290s]
Building database files (step 3)...
Database files completed. [2m45.064s]
Database construction complete. [Total: 8m32.442s]
