JOB NAME: download_taxonomy_database
JOB ID: 17681
QUEUE: short.q
HOSTNAME: NODE05
SGE O WORKDIR: /data1/scratch/masalm/LUDOVIC/METAGENOMICS
SGE TASK ID: undefined
NSLOTS: 30
Build taxonomy FDA database + RefSeqHuman + Virus
Installing NCBI taxonomy in database
Unzip all data
Unzip done !
JOB NAME: download_taxonomy_database
JOB ID: 17682
QUEUE: short.q
HOSTNAME: NODE03
SGE O WORKDIR: /data1/scratch/masalm/LUDOVIC/METAGENOMICS
SGE TASK ID: undefined
NSLOTS: 30
wget test
test wget done
Build taxonomy FDA database + RefSeqHuman + Virus
Installing NCBI taxonomy in database
Unzip all data
Unzip done !
