JOB NAME: build_fda_database
JOB ID: 17703
QUEUE: short.q
HOSTNAME: NODE06
SGE O WORKDIR: /data1/scratch/masalm/LUDOVIC/METAGENOMICS
SGE TASK ID: undefined
NSLOTS: 30
Classify set of sequences for RefSeq
/data1/scratch/masalm/LUDOVIC/METAGENOMICS/PAIRED_SAMPLES_ADN files are already decompressed
Create folder output_prepocess_reads_RefSeq 
Run classify a set of sequences with kraken 2
In the sequence : /data1/scratch/masalm/LUDOVIC/METAGENOMICS/PAIRED_SAMPLES_ADN/10-SIA-PLA-ADN_S10_R1_paired.fastq
The prefix name file is : 10-SIA-PLA-ADN_S10_
The suffix name file is : _paired.fastq
So the name of his paired file is : 10-SIA-PLA-ADN_S10_R2_paired.fastq
In the sequence : /data1/scratch/masalm/LUDOVIC/METAGENOMICS/PAIRED_SAMPLES_ADN/1-MAR-LBA-ADN_S1_R1_paired.fastq
The prefix name file is : 1-MAR-LBA-ADN_S1_
The suffix name file is : _paired.fastq
So the name of his paired file is : 1-MAR-LBA-ADN_S1_R2_paired.fastq
In the sequence : /data1/scratch/masalm/LUDOVIC/METAGENOMICS/PAIRED_SAMPLES_ADN/2-SCH-LBA-ADN_S2_R1_paired.fastq
The prefix name file is : 2-SCH-LBA-ADN_S2_
The suffix name file is : _paired.fastq
So the name of his paired file is : 2-SCH-LBA-ADN_S2_R2_paired.fastq
In the sequence : /data1/scratch/masalm/LUDOVIC/METAGENOMICS/PAIRED_SAMPLES_ADN/3-DAS-LBA-ADN_S3_R1_paired.fastq
The prefix name file is : 3-DAS-LBA-ADN_S3_
The suffix name file is : _paired.fastq
So the name of his paired file is : 3-DAS-LBA-ADN_S3_R2_paired.fastq
In the sequence : /data1/scratch/masalm/LUDOVIC/METAGENOMICS/PAIRED_SAMPLES_ADN/4-PAV-LBA-ADN_S4_R1_paired.fastq
The prefix name file is : 4-PAV-LBA-ADN_S4_
The suffix name file is : _paired.fastq
So the name of his paired file is : 4-PAV-LBA-ADN_S4_R2_paired.fastq
Classify set of sequences for FDA Dust
/data1/scratch/masalm/LUDOVIC/METAGENOMICS/PAIRED_SAMPLES_ADN files are already decompressed
output_prepocess_reads_clean_FDA folder already exits.
Run classify a set of sequences with kraken 2
In the sequence : /data1/scratch/masalm/LUDOVIC/METAGENOMICS/PAIRED_SAMPLES_ADN/10-SIA-PLA-ADN_S10_R1_paired.fastq
The prefix name file is : 10-SIA-PLA-ADN_S10_
The suffix name file is : _paired.fastq
So the name of his paired file is : 10-SIA-PLA-ADN_S10_R2_paired.fastq
