JOB NAME: BlastOnlyVir
JOB ID: 18780
QUEUE: short.q
HOSTNAME: NODE01
SGE O WORKDIR: /data1/scratch/masalm/LUDOVIC/METAGENOMICS
SGE TASK ID: undefined
NSLOTS: 40
The file ALL_RAW_FILES_GENOMES_FDA_ARGOS-2020-02-04/output_multi_fasta.fa already exist.
The folder DUSTMASKER_makeblast_database_fda_argos already exists.
The dustmasker file already exists for the database.
Create the folder MAKEBLAST_makeblast_database_fda_argos
Folder done
Create database.
ALL_RAW_FILES_GENOMES_FDA_ARGOS-2020-02-04/output_multi_fasta.fa


Building a new DB, current time: 03/06/2020 12:37:27
New DB name:   /data1/scratch/masalm/LUDOVIC/METAGENOMICS/ALL_RAW_FILES_GENOMES_FDA_ARGOS-2020-02-04/makeblast_database_fda_argos
New DB title:  Database with makeblastdb
Sequence type: Nucleotide
Keep Linkouts: T
Keep MBits: T
Maximum file size: 1000000000B
Mask file: ALL_RAW_FILES_GENOMES_FDA_ARGOS-2020-02-04/DUSTMASKER_makeblast_database_fda_argos/dustmasker.asnb
Adding sequences from FASTA; added 1916 sequences in 95.3879 seconds.
Database done.
All file are moved in ALL_RAW_FILES_GENOMES_FDA_ARGOS-2020-02-04/MAKEBLAST_makeblast_database_fda_argos
