JOB NAME: PreprocessKraken
JOB ID: 17678
QUEUE: short.q
HOSTNAME: NODE01
SGE O WORKDIR: /data1/scratch/masalm/LUDOVIC/METAGENOMICS
SGE TASK ID: undefined
NSLOTS: 10
Reads files are already zipped.
10-SIA-PLA-ADN_S10_R1.fastq 1-MAR-LBA-ADN_S1_R1.fastq 2-SCH-LBA-ADN_S2_R1.fastq 3-DAS-LBA-ADN_S3_R1.fastq 4-PAV-LBA-ADN_S4_R1.fastq
10-SIA-PLA-ADN_S10_R2.fastq
10-SIA-PLA-ADN_S10_R1_dedupe.fastq
10-SIA-PLA-ADN_S10_R2_dedupe.fastq
0
PairedEnd Sample
Deduplicated
Trimmed
1-MAR-LBA-ADN_S1_R2.fastq
1-MAR-LBA-ADN_S1_R1_dedupe.fastq
1-MAR-LBA-ADN_S1_R2_dedupe.fastq
0
PairedEnd Sample
Deduplicated
Trimmed
2-SCH-LBA-ADN_S2_R2.fastq
2-SCH-LBA-ADN_S2_R1_dedupe.fastq
2-SCH-LBA-ADN_S2_R2_dedupe.fastq
0
PairedEnd Sample
Deduplicated
Trimmed
3-DAS-LBA-ADN_S3_R2.fastq
3-DAS-LBA-ADN_S3_R1_dedupe.fastq
3-DAS-LBA-ADN_S3_R2_dedupe.fastq
0
PairedEnd Sample
Deduplicated
Trimmed
4-PAV-LBA-ADN_S4_R2.fastq
4-PAV-LBA-ADN_S4_R1_dedupe.fastq
4-PAV-LBA-ADN_S4_R2_dedupe.fastq
0
PairedEnd Sample
Deduplicated
Trimmed
